                      :-) GROMACS - gmx mdrun, 2019.1 (-:

                            GROMACS is written by:
     Emile Apol      Rossen Apostolov      Paul Bauer     Herman J.C. Berendsen
    Par Bjelkmar      Christian Blau   Viacheslav Bolnykh     Kevin Boyd    
 Aldert van Buuren   Rudi van Drunen     Anton Feenstra       Alan Gray     
  Gerrit Groenhof     Anca Hamuraru    Vincent Hindriksen  M. Eric Irrgang  
  Aleksei Iupinov   Christoph Junghans     Joe Jordan     Dimitrios Karkoulis
    Peter Kasson        Jiri Kraus      Carsten Kutzner      Per Larsson    
  Justin A. Lemkul    Viveca Lindahl    Magnus Lundborg     Erik Marklund   
    Pascal Merz     Pieter Meulenhoff    Teemu Murtola       Szilard Pall   
    Sander Pronk      Roland Schulz      Michael Shirts    Alexey Shvetsov  
   Alfons Sijbers     Peter Tieleman      Jon Vincent      Teemu Virolainen 
 Christian Wennberg    Maarten Wolf   
                           and the project leaders:
        Mark Abraham, Berk Hess, Erik Lindahl, and David van der Spoel

Copyright (c) 1991-2000, University of Groningen, The Netherlands.
Copyright (c) 2001-2018, The GROMACS development team at
Uppsala University, Stockholm University and
the Royal Institute of Technology, Sweden.
check out http://www.gromacs.org for more information.

GROMACS is free software; you can redistribute it and/or modify it
under the terms of the GNU Lesser General Public License
as published by the Free Software Foundation; either version 2.1
of the License, or (at your option) any later version.

GROMACS:      gmx mdrun, version 2019.1
Executable:   /usr/local/gromacs/bin/gmx
Data prefix:  /usr/local/gromacs
Working dir:  /home/sofia/Desktop/COVID19-study/test_random_protein/ubiquitin/amber_mut
Process ID:   24247
Command line:
  gmx mdrun -s topol.tpr -rdd 0.1

GROMACS version:    2019.1
Precision:          single
Memory model:       64 bit
MPI library:        thread_mpi
OpenMP support:     enabled (GMX_OPENMP_MAX_THREADS = 64)
GPU support:        CUDA
SIMD instructions:  AVX2_256
FFT library:        fftw-3.3.8-sse2-avx-avx2-avx2_128-avx512
RDTSCP usage:       enabled
TNG support:        enabled
Hwloc support:      disabled
Tracing support:    disabled
C compiler:         /usr/bin/cc GNU 7.4.0
C compiler flags:    -mavx2 -mfma     -O3 -DNDEBUG -funroll-all-loops -fexcess-precision=fast  
C++ compiler:       /usr/bin/c++ GNU 7.4.0
C++ compiler flags:  -mavx2 -mfma    -std=c++11   -O3 -DNDEBUG -funroll-all-loops -fexcess-precision=fast  
CUDA compiler:      /usr/local/cuda-9.2/bin/nvcc nvcc: NVIDIA (R) Cuda compiler driver;Copyright (c) 2005-2018 NVIDIA Corporation;Built on Tue_Jun_12_23:07:04_CDT_2018;Cuda compilation tools, release 9.2, V9.2.148
CUDA compiler flags:-gencode;arch=compute_30,code=sm_30;-gencode;arch=compute_35,code=sm_35;-gencode;arch=compute_37,code=sm_37;-gencode;arch=compute_50,code=sm_50;-gencode;arch=compute_52,code=sm_52;-gencode;arch=compute_60,code=sm_60;-gencode;arch=compute_61,code=sm_61;-gencode;arch=compute_70,code=sm_70;-gencode;arch=compute_70,code=compute_70;-use_fast_math;-D_FORCE_INLINES;; ;-mavx2;-mfma;-std=c++11;-O3;-DNDEBUG;-funroll-all-loops;-fexcess-precision=fast;
CUDA driver:        9.10
CUDA runtime:       N/A

NOTE: Detection of GPUs failed. The API reported:
      CUDA driver version is insufficient for CUDA runtime version
      GROMACS cannot run tasks on a GPU.

Running on 1 node with total 10 cores, 20 logical cores, 0 compatible GPUs
Hardware detected:
  CPU info:
    Vendor: Intel
    Brand:  Intel(R) Xeon(R) CPU E5-2640 v4 @ 2.40GHz
    Family: 6   Model: 79   Stepping: 1
    Features: aes apic avx avx2 clfsh cmov cx8 cx16 f16c fma hle htt intel lahf mmx msr nonstop_tsc pcid pclmuldq pdcm pdpe1gb popcnt pse rdrnd rdtscp rtm sse2 sse3 sse4.1 sse4.2 ssse3 tdt x2apic
  Hardware topology: Basic
    Sockets, cores, and logical processors:
      Socket  0: [   0  10] [   1  11] [   2  12] [   3  13] [   4  14] [   5  15] [   6  16] [   7  17] [   8  18] [   9  19]


++++ PLEASE READ AND CITE THE FOLLOWING REFERENCE ++++
M. J. Abraham, T. Murtola, R. Schulz, S. Páll, J. C. Smith, B. Hess, E.
Lindahl
GROMACS: High performance molecular simulations through multi-level
parallelism from laptops to supercomputers
SoftwareX 1 (2015) pp. 19-25
-------- -------- --- Thank You --- -------- --------


++++ PLEASE READ AND CITE THE FOLLOWING REFERENCE ++++
S. Páll, M. J. Abraham, C. Kutzner, B. Hess, E. Lindahl
Tackling Exascale Software Challenges in Molecular Dynamics Simulations with
GROMACS
In S. Markidis & E. Laure (Eds.), Solving Software Challenges for Exascale 8759 (2015) pp. 3-27
-------- -------- --- Thank You --- -------- --------


++++ PLEASE READ AND CITE THE FOLLOWING REFERENCE ++++
S. Pronk, S. Páll, R. Schulz, P. Larsson, P. Bjelkmar, R. Apostolov, M. R.
Shirts, J. C. Smith, P. M. Kasson, D. van der Spoel, B. Hess, and E. Lindahl
GROMACS 4.5: a high-throughput and highly parallel open source molecular
simulation toolkit
Bioinformatics 29 (2013) pp. 845-54
-------- -------- --- Thank You --- -------- --------


++++ PLEASE READ AND CITE THE FOLLOWING REFERENCE ++++
B. Hess and C. Kutzner and D. van der Spoel and E. Lindahl
GROMACS 4: Algorithms for highly efficient, load-balanced, and scalable
molecular simulation
J. Chem. Theory Comput. 4 (2008) pp. 435-447
-------- -------- --- Thank You --- -------- --------


++++ PLEASE READ AND CITE THE FOLLOWING REFERENCE ++++
D. van der Spoel, E. Lindahl, B. Hess, G. Groenhof, A. E. Mark and H. J. C.
Berendsen
GROMACS: Fast, Flexible and Free
J. Comp. Chem. 26 (2005) pp. 1701-1719
-------- -------- --- Thank You --- -------- --------


++++ PLEASE READ AND CITE THE FOLLOWING REFERENCE ++++
E. Lindahl and B. Hess and D. van der Spoel
GROMACS 3.0: A package for molecular simulation and trajectory analysis
J. Mol. Mod. 7 (2001) pp. 306-317
-------- -------- --- Thank You --- -------- --------


++++ PLEASE READ AND CITE THE FOLLOWING REFERENCE ++++
H. J. C. Berendsen, D. van der Spoel and R. van Drunen
GROMACS: A message-passing parallel molecular dynamics implementation
Comp. Phys. Comm. 91 (1995) pp. 43-56
-------- -------- --- Thank You --- -------- --------


++++ PLEASE CITE THE DOI FOR THIS VERSION OF GROMACS ++++
https://doi.org/10.5281/zenodo.2564764
-------- -------- --- Thank You --- -------- --------

Input Parameters:
   integrator                     = sd
   tinit                          = 0
   dt                             = 0.002
   nsteps                         = 0
   init-step                      = 0
   simulation-part                = 1
   comm-mode                      = Linear
   nstcomm                        = 100
   bd-fric                        = 0
   ld-seed                        = -1165378404
   emtol                          = 10
   emstep                         = 0.01
   niter                          = 20
   fcstep                         = 0
   nstcgsteep                     = 1000
   nbfgscorr                      = 10
   rtpi                           = 0.05
   nstxout                        = 0
   nstvout                        = 0
   nstfout                        = 0
   nstlog                         = 50
   nstcalcenergy                  = 50
   nstenergy                      = 50
   nstxout-compressed             = 50
   compressed-x-precision         = 1000
   cutoff-scheme                  = Group
   nstlist                        = 10
   ns-type                        = Grid
   pbc                            = no
   periodic-molecules             = false
   verlet-buffer-tolerance        = 0.005
   rlist                          = 1
   coulombtype                    = Cut-off
   coulomb-modifier               = None
   rcoulomb-switch                = 0
   rcoulomb                       = 1
   epsilon-r                      = 1
   epsilon-rf                     = inf
   vdw-type                       = Cut-off
   vdw-modifier                   = None
   rvdw-switch                    = 0
   rvdw                           = 1
   DispCorr                       = No
   table-extension                = 1
   fourierspacing                 = 0.12
   fourier-nx                     = 0
   fourier-ny                     = 0
   fourier-nz                     = 0
   pme-order                      = 4
   ewald-rtol                     = 1e-05
   ewald-rtol-lj                  = 0.001
   lj-pme-comb-rule               = Geometric
   ewald-geometry                 = 0
   epsilon-surface                = 0
   tcoupl                         = No
   nsttcouple                     = -1
   nh-chain-length                = 0
   print-nose-hoover-chain-variables = false
   pcoupl                         = No
   pcoupltype                     = Isotropic
   nstpcouple                     = -1
   tau-p                          = 2
   compressibility (3x3):
      compressibility[    0]={ 0.00000e+00,  0.00000e+00,  0.00000e+00}
      compressibility[    1]={ 0.00000e+00,  0.00000e+00,  0.00000e+00}
      compressibility[    2]={ 0.00000e+00,  0.00000e+00,  0.00000e+00}
   ref-p (3x3):
      ref-p[    0]={ 0.00000e+00,  0.00000e+00,  0.00000e+00}
      ref-p[    1]={ 0.00000e+00,  0.00000e+00,  0.00000e+00}
      ref-p[    2]={ 0.00000e+00,  0.00000e+00,  0.00000e+00}
   refcoord-scaling               = COM
   posres-com (3):
      posres-com[0]= 0.00000e+00
      posres-com[1]= 0.00000e+00
      posres-com[2]= 0.00000e+00
   posres-comB (3):
      posres-comB[0]= 0.00000e+00
      posres-comB[1]= 0.00000e+00
      posres-comB[2]= 0.00000e+00
   QMMM                           = false
   QMconstraints                  = 0
   QMMMscheme                     = 0
   MMChargeScaleFactor            = 1
qm-opts:
   ngQM                           = 0
   constraint-algorithm           = Lincs
   continuation                   = true
   Shake-SOR                      = false
   shake-tol                      = 0.0001
   lincs-order                    = 4
   lincs-iter                     = 1
   lincs-warnangle                = 30
   nwall                          = 0
   wall-type                      = 9-3
   wall-r-linpot                  = -1
   wall-atomtype[0]               = -1
   wall-atomtype[1]               = -1
   wall-density[0]                = 0
   wall-density[1]                = 0
   wall-ewald-zfac                = 3
   pull                           = false
   awh                            = false
   rotation                       = false
   interactiveMD                  = false
   disre                          = No
   disre-weighting                = Conservative
   disre-mixed                    = false
   dr-fc                          = 1000
   dr-tau                         = 0
   nstdisreout                    = 100
   orire-fc                       = 0
   orire-tau                      = 0
   nstorireout                    = 100
   free-energy                    = no
   cos-acceleration               = 0
   deform (3x3):
      deform[    0]={ 0.00000e+00,  0.00000e+00,  0.00000e+00}
      deform[    1]={ 0.00000e+00,  0.00000e+00,  0.00000e+00}
      deform[    2]={ 0.00000e+00,  0.00000e+00,  0.00000e+00}
   simulated-tempering            = false
   swapcoords                     = no
   userint1                       = 0
   userint2                       = 0
   userint3                       = 0
   userint4                       = 0
   userreal1                      = 0
   userreal2                      = 0
   userreal3                      = 0
   userreal4                      = 0
   applied-forces:
     electric-field:
       x:
         E0                       = 0
         omega                    = 0
         t0                       = 0
         sigma                    = 0
       y:
         E0                       = 0
         omega                    = 0
         t0                       = 0
         sigma                    = 0
       z:
         E0                       = 0
         omega                    = 0
         t0                       = 0
         sigma                    = 0
grpopts:
   nrdf:     3015.04      45.955
   ref-t:         300         300
   tau-t:         0.1         0.1
annealing:          No          No
annealing-npoints:           0           0
   acc:	           0           0           0
   nfreeze:           N           N           N
   energygrp-flags[  0]: 0


Initializing Domain Decomposition on 10 ranks
Dynamic load balancing: locked
Minimum cell size due to atom displacement: 0.195 nm
Minimum cell size due to bonded interactions: 0.100 nm
Maximum distance for 5 constraints, at 120 deg. angles, all-trans: 0.218 nm
Estimated maximum distance required for P-LINCS: 0.218 nm
This distance will limit the DD cell size, you can override this with -rcon
Scaling the initial minimum size with 1/0.8 (option -dds) = 1.25
Optimizing the DD grid for 10 cells with a minimum initial size of 0.272 nm
The maximum allowed number of cells is: X 8 Y 8 Z 8
Domain decomposition grid 1 x 2 x 5, separate PME ranks 0
Domain decomposition rank 0, coordinates 0 0 0

The initial number of communication pulses is: Y 1 Z 3
The initial domain decomposition cell size is: Y 1.15 nm Z 0.48 nm

The maximum allowed distance for atoms involved in interactions is:
                 non-bonded interactions           1.000 nm
(the following are initial values, they could change due to box deformation)
            two-body bonded interactions  (-rdd)   1.000 nm
          multi-body bonded interactions  (-rdd)   0.484 nm
  atoms separated by up to 5 constraints  (-rcon)  0.484 nm

When dynamic load balancing gets turned on, these settings will change to:
The maximum number of communication pulses is: Y 1 Z 3
The minimum size for domain decomposition cells is 0.333 nm
The requested allowed shrink of DD cells (option -dds) is: 0.80
The allowed shrink of domain decomposition cells is: Y 0.00 Z 0.69
The maximum allowed distance for atoms involved in interactions is:
                 non-bonded interactions           1.000 nm
            two-body bonded interactions  (-rdd)   1.000 nm
          multi-body bonded interactions  (-rdd)   0.333 nm
  atoms separated by up to 5 constraints  (-rcon)  0.333 nm

Using 10 MPI threads

Pinning threads with an auto-selected logical core stride of 2

NOTE: This file uses the deprecated 'group' cutoff_scheme. This will be
removed in a future release when 'verlet' supports all interaction forms.

System total charge: 0.000
Potential shift: LJ r^-12: 0.000e+00 r^-6: 0.000e+00, Coulomb -0e+00
Table routines are used for coulomb: false
Table routines are used for vdw:     false
Cut-off's:   NS: 1   Coulomb: 1   LJ: 1
Generated table with 1000 data points for 1-4 COUL.
Tabscale = 500 points/nm
Generated table with 1000 data points for 1-4 LJ6.
Tabscale = 500 points/nm
Generated table with 1000 data points for 1-4 LJ12.
Tabscale = 500 points/nm


Initializing Parallel LINear Constraint Solver

++++ PLEASE READ AND CITE THE FOLLOWING REFERENCE ++++
B. Hess
P-LINCS: A Parallel Linear Constraint Solver for molecular simulation
J. Chem. Theory Comput. 4 (2008) pp. 116-122
-------- -------- --- Thank You --- -------- --------

The number of constraints is 629
There are constraints between atoms in different decomposition domains,
will communicate selected coordinates each lincs iteration

Linking all bonded interactions to atoms

Intra-simulation communication will occur every 10 steps.
Center of mass motion removal mode is Linear
We have the following groups for center of mass motion removal:
  0:  rest

++++ PLEASE READ AND CITE THE FOLLOWING REFERENCE ++++
N. Goga and A. J. Rzepiela and A. H. de Vries and S. J. Marrink and H. J. C.
Berendsen
Efficient Algorithms for Langevin and DPD Dynamics
J. Chem. Theory Comput. 8 (2012) pp. 3637--3649
-------- -------- --- Thank You --- -------- --------

There are: 1231 Atoms
Atom distribution over 10 domains: av 123 stddev 34 min 44 max 161
Grid: 5 x 4 x 5 cells

Started mdrun on rank 0 Fri Jun  5 16:32:22 2020

           Step           Time
              0        0.00000


   Energies (kJ/mol)
           Bond          Angle    Proper Dih.          LJ-14     Coulomb-14
    5.35032e+02    1.12941e+03    3.01723e+03    1.73587e+03    1.30126e+04
        LJ (SR)   Coulomb (SR)      Potential    Kinetic En.   Total Energy
   -5.44258e+02   -2.08340e+04   -1.94810e+03    8.31803e+03    6.36993e+03
    Temperature Pressure (bar)   Constr. rmsd
    6.53661e+02    0.00000e+00    5.45312e-02

	<======  ###############  ==>
	<====  A V E R A G E S  ====>
	<==  ###############  ======>

	Statistics over 1 steps using 1 frames

   Energies (kJ/mol)
           Bond          Angle    Proper Dih.          LJ-14     Coulomb-14
    5.35032e+02    1.12941e+03    3.01723e+03    1.73587e+03    1.30126e+04
        LJ (SR)   Coulomb (SR)      Potential    Kinetic En.   Total Energy
   -5.44258e+02   -2.08340e+04   -1.94810e+03    8.31803e+03    6.36993e+03
    Temperature Pressure (bar)   Constr. rmsd
    6.53661e+02    0.00000e+00    0.00000e+00

   Total Virial (kJ/mol)
   -2.40340e+04   -1.79332e+03    3.28787e+03
   -1.79333e+03   -2.74203e+04    3.45015e+03
    3.28784e+03    3.45014e+03   -2.70786e+04

   Pressure (bar)
    0.00000e+00    0.00000e+00    0.00000e+00
    0.00000e+00    0.00000e+00    0.00000e+00
    0.00000e+00    0.00000e+00    0.00000e+00

      T-not_r_1          T-r_1
    6.60295e+02    2.18447e+02


	M E G A - F L O P S   A C C O U N T I N G

 NB=Group-cutoff nonbonded kernels    NxN=N-by-N cluster Verlet kernels
 RF=Reaction-Field  VdW=Van der Waals  QSTab=quadratic-spline table
 W3=SPC/TIP3p  W4=TIP4p (single or pairs)
 V&F=Potential and force  V=Potential only  F=Force only

 Computing:                               M-Number         M-Flops  % Flops
-----------------------------------------------------------------------------
 NB Elec. [V&F]                           0.168840           0.169     1.2
 NB VdW & Elec. [V&F]                     6.031632           6.032    42.6
 1,4 nonbonded interactions               0.003264           0.294     2.1
 NS-Pairs                                 0.289690           6.083    43.0
 CG-CoM                                   0.001231           0.004     0.0
 Bonds                                    0.000608           0.036     0.3
 Angles                                   0.002257           0.379     2.7
 Propers                                  0.003646           0.835     5.9
 Virial                                   0.001681           0.030     0.2
 Update                                   0.001231           0.038     0.3
 Stop-CM                                  0.001231           0.012     0.1
 Calc-Ekin                                0.002462           0.066     0.5
 Lincs                                    0.001512           0.091     0.6
 Lincs-Mat                                0.008880           0.036     0.3
 Constraint-V                             0.003024           0.024     0.2
 Constraint-Vir                           0.000756           0.018     0.1
-----------------------------------------------------------------------------
 Total                                                      14.147   100.0
-----------------------------------------------------------------------------


    D O M A I N   D E C O M P O S I T I O N   S T A T I S T I C S

 av. #atoms communicated per step for force:  2 x 2984.0
 av. #atoms communicated per step for LINCS:  2 x 199.0


     R E A L   C Y C L E   A N D   T I M E   A C C O U N T I N G

On 10 MPI ranks

 Computing:          Num   Num      Call    Wall time         Giga-Cycles
                     Ranks Threads  Count      (s)         total sum    %
-----------------------------------------------------------------------------
 Neighbor search       10    1          1       0.001          0.031  23.3
 Comm. coord.          10    1          1       0.000          0.002   1.7
 Force                 10    1          1       0.000          0.007   4.9
 Wait + Comm. F        10    1          1       0.001          0.021  16.0
 Write traj.           10    1          1       0.000          0.007   5.3
 Update                10    1          2       0.000          0.001   0.4
 Constraints           10    1          2       0.002          0.047  35.5
 Comm. energies        10    1          1       0.001          0.015  11.1
 Rest                                           0.000          0.002   1.7
-----------------------------------------------------------------------------
 Total                                          0.006          0.133 100.0
-----------------------------------------------------------------------------

NOTE: 11 % of the run time was spent communicating energies,
      you might want to use the -gcom option of mdrun

               Core t (s)   Wall t (s)        (%)
       Time:        0.055        0.006      982.5
                 (ns/day)    (hour/ns)
Performance:       30.687        0.782
Finished mdrun on rank 0 Fri Jun  5 16:32:22 2020

